# JRE version: OpenJDK Runtime Environment (20.0.1+9) (build 20.0.1+9-29)
# Java VM: OpenJDK 64-Bit Server VM (20.0.1+9-29, mixed mode, emulated-client, sharing, tiered, compressed oops, compressed class ptrs, g1 gc, bsd-aarch64)
GC Precious Log:
 CardTable entry size: 512
 Card Set container configuration: InlinePtr #cards 4 size 8 Array Of Cards #cards 16 size 48 Howl #buckets 8 coarsen threshold 3686 Howl Bitmap #cards 512 size 80 coarsen threshold 460 Card regions per heap region 1 cards per card region 4096
 CPUs: 8 total, 8 available
 Memory: 16384M
 Large Page Support: Disabled
 NUMA Support: Disabled
 Compressed Oops: Enabled (Zero based)
 Heap Region Size: 2M
 Heap Min Capacity: 8M
 Heap Initial Capacity: 256M
 Heap Max Capacity: 4G
 Pre-touch: Disabled
 Parallel Workers: 8
 Concurrent Workers: 2
 Concurrent Refinement Workers: 8
 Periodic GC: Disabled
Heap:
 garbage-first heap   total 118784K, used 35139K [0x0000000700000000, 0x0000000800000000)
  region size 2048K, 5 young (10240K), 3 survivors (6144K)
 Metaspace       used 35836K, committed 36288K, reserved 1114112K
  class space    used 4720K, committed 4928K, reserved 1048576K
GC Heap History (20 events):
Event: 0.846 GC heap before
{Heap before GC invocations=3 (full 0):
 garbage-first heap   total 266240K, used 165075K [0x0000000700000000, 0x0000000800000000)
  region size 2048K, 76 young (155648K), 3 survivors (6144K)
 Metaspace       used 17952K, committed 18240K, reserved 1114112K
  class space    used 2347K, committed 2496K, reserved 1048576K
}
Event: 0.849 GC heap after
{Heap after GC invocations=4 (full 0):
 garbage-first heap   total 266240K, used 18675K [0x0000000700000000, 0x0000000800000000)
  region size 2048K, 5 young (10240K), 5 survivors (10240K)
 Metaspace       used 17952K, committed 18240K, reserved 1114112K
  class space    used 2347K, committed 2496K, reserved 1048576K
}
Event: 1.080 GC heap before
{Heap before GC invocations=4 (full 0):
 garbage-first heap   total 266240K, used 164083K [0x0000000700000000, 0x0000000800000000)
  region size 2048K, 76 young (155648K), 5 survivors (10240K)
 Metaspace       used 18084K, committed 18432K, reserved 1114112K
  class space    used 2373K, committed 2560K, reserved 1048576K
}
Event: 1.082 GC heap after
{Heap after GC invocations=5 (full 0):
 garbage-first heap   total 319488K, used 20448K [0x0000000700000000, 0x0000000800000000)
  region size 2048K, 5 young (10240K), 5 survivors (10240K)
 Metaspace       used 18084K, committed 18432K, reserved 1114112K
  class space    used 2373K, committed 2560K, reserved 1048576K
}
Event: 1.268 GC heap before
{Heap before GC invocations=5 (full 0):
 garbage-first heap   total 319488K, used 83936K [0x0000000700000000, 0x0000000800000000)
  region size 2048K, 37 young (75776K), 5 survivors (10240K)
 Metaspace       used 21170K, committed 21504K, reserved 1114112K
  class space    used 2718K, committed 2880K, reserved 1048576K
}
Event: 1.272 GC heap after
{Heap after GC invocations=6 (full 0):
 garbage-first heap   total 319488K, used 24262K [0x0000000700000000, 0x0000000800000000)
  region size 2048K, 7 young (14336K), 7 survivors (14336K)
 Metaspace       used 21170K, committed 21504K, reserved 1114112K
  class space    used 2718K, committed 2880K, reserved 1048576K
}
Event: 1.449 GC heap before
{Heap before GC invocations=7 (full 0):
 garbage-first heap   total 96256K, used 67270K [0x0000000700000000, 0x0000000800000000)
  region size 2048K, 28 young (57344K), 7 survivors (14336K)
 Metaspace       used 24014K, committed 24384K, reserved 1114112K
  class space    used 3059K, committed 3200K, reserved 1048576K
}
Event: 1.455 GC heap after
{Heap after GC invocations=8 (full 0):
 garbage-first heap   total 96256K, used 26036K [0x0000000700000000, 0x0000000800000000)
  region size 2048K, 3 young (6144K), 3 survivors (6144K)
 Metaspace       used 24014K, committed 24384K, reserved 1114112K
  class space    used 3059K, committed 3200K, reserved 1048576K
}
Event: 1.545 GC heap before
{Heap before GC invocations=8 (full 0):
 garbage-first heap   total 96256K, used 77236K [0x0000000700000000, 0x0000000800000000)
  region size 2048K, 28 young (57344K), 3 survivors (6144K)
 Metaspace       used 24767K, committed 25088K, reserved 1114112K
  class space    used 3149K, committed 3264K, reserved 1048576K
}
Event: 1.548 GC heap after
{Heap after GC invocations=9 (full 0):
 garbage-first heap   total 96256K, used 28755K [0x0000000700000000, 0x0000000800000000)
  region size 2048K, 3 young (6144K), 3 survivors (6144K)
 Metaspace       used 24767K, committed 25088K, reserved 1114112K
  class space    used 3149K, committed 3264K, reserved 1048576K
}
Event: 1.694 GC heap before
{Heap before GC invocations=9 (full 0):
 garbage-first heap   total 96256K, used 77907K [0x0000000700000000, 0x0000000800000000)
  region size 2048K, 28 young (57344K), 3 survivors (6144K)
 Metaspace       used 24870K, committed 25216K, reserved 1114112K
  class space    used 3155K, committed 3328K, reserved 1048576K
}
Event: 1.697 GC heap after
{Heap after GC invocations=10 (full 0):
 garbage-first heap   total 96256K, used 29175K [0x0000000700000000, 0x0000000800000000)
  region size 2048K, 2 young (4096K), 2 survivors (4096K)
 Metaspace       used 24870K, committed 25216K, reserved 1114112K
  class space    used 3155K, committed 3328K, reserved 1048576K
}
Event: 1.854 GC heap before
{Heap before GC invocations=10 (full 0):
 garbage-first heap   total 96256K, used 82423K [0x0000000700000000, 0x0000000800000000)
  region size 2048K, 28 young (57344K), 2 survivors (4096K)
 Metaspace       used 26175K, committed 26560K, reserved 1114112K
  class space    used 3349K, committed 3520K, reserved 1048576K
}
Event: 1.857 GC heap after
{Heap after GC invocations=11 (full 0):
 garbage-first heap   total 96256K, used 28404K [0x0000000700000000, 0x0000000800000000)
  region size 2048K, 2 young (4096K), 2 survivors (4096K)
 Metaspace       used 26175K, committed 26560K, reserved 1114112K
  class space    used 3349K, committed 3520K, reserved 1048576K
}
Event: 1.927 GC heap before
{Heap before GC invocations=11 (full 0):
 garbage-first heap   total 96256K, used 81652K [0x0000000700000000, 0x0000000800000000)
  region size 2048K, 28 young (57344K), 2 survivors (4096K)
 Metaspace       used 26175K, committed 26560K, reserved 1114112K
  class space    used 3349K, committed 3520K, reserved 1048576K
}
Event: 1.930 GC heap after
{Heap after GC invocations=12 (full 0):
 garbage-first heap   total 118784K, used 30539K [0x0000000700000000, 0x0000000800000000)
  region size 2048K, 3 young (6144K), 3 survivors (6144K)
 Metaspace       used 26175K, committed 26560K, reserved 1114112K
  class space    used 3349K, committed 3520K, reserved 1048576K
}
Event: 2.335 GC heap before
{Heap before GC invocations=12 (full 0):
 garbage-first heap   total 118784K, used 94027K [0x0000000700000000, 0x0000000800000000)
  region size 2048K, 34 young (69632K), 3 survivors (6144K)
 Metaspace       used 34984K, committed 35392K, reserved 1114112K
  class space    used 4593K, committed 4800K, reserved 1048576K
}
Event: 2.341 GC heap after
{Heap after GC invocations=13 (full 0):
 garbage-first heap   total 118784K, used 33000K [0x0000000700000000, 0x0000000800000000)
  region size 2048K, 4 young (8192K), 4 survivors (8192K)
 Metaspace       used 34984K, committed 35392K, reserved 1114112K
  class space    used 4593K, committed 4800K, reserved 1048576K
}
Event: 2.384 GC heap before
{Heap before GC invocations=13 (full 0):
 garbage-first heap   total 118784K, used 39144K [0x0000000700000000, 0x0000000800000000)
  region size 2048K, 8 young (16384K), 4 survivors (8192K)
 Metaspace       used 35757K, committed 36160K, reserved 1114112K
  class space    used 4706K, committed 4928K, reserved 1048576K
}
Event: 2.390 GC heap after
{Heap after GC invocations=14 (full 0):
 garbage-first heap   total 118784K, used 33091K [0x0000000700000000, 0x0000000800000000)
  region size 2048K, 3 young (6144K), 3 survivors (6144K)
 Metaspace       used 35757K, committed 36160K, reserved 1114112K
  class space    used 4706K, committed 4928K, reserved 1048576K
}

